<?xml version="1.0" encoding="UTF-8"?>
<!-- Generated by org.testng.reporters.JUnitReportReporter -->
<testsuite hostname="DESKTOP-6H62P03" failures="0" tests="1" name="practice1.TyScriptTest" time="0.037" errors="0" timestamp="2022-08-29T14:59:05 IST" skipped="0">
  <testcase classname="practice1.TyScriptTest" name="asdfg_test1" time="0.037"/>
  <system-out/>
</testsuite> <!-- practice1.TyScriptTest -->
