<?xml version="1.0" encoding="UTF-8"?>
<!-- Generated by org.testng.reporters.JUnitReportReporter -->
<testsuite hostname="DESKTOP-6H62P03" failures="0" tests="1" name="practice2.Script2Test" time="0.015" errors="0" timestamp="2022-08-29T14:58:43 IST" skipped="0">
  <testcase classname="practice2.Script2Test" name="asdfgh_test" time="0.015"/>
  <system-out/>
</testsuite> <!-- practice2.Script2Test -->
